<?xml version="1.0" encoding="UTF-8"?>
<testsuite name="JUnit Jupiter" tests="1" skipped="0" failures="0" errors="0" time="0.059" hostname="Christinas-MacBook-Pro-2.local" timestamp="2022-07-13T17:12:00">
<properties>
[...]
</properties>
<testcase name="do_a_thing()" rmmid="rubbish" classname="thingTest" time="0.023">
<system-out><![CDATA[
unique-id: [engine:junit-jupiter]/[class:thingTest]/[method:do_a_thing()]
display-name: do_a_thing()
]]></system-out>
</testcase>
<system-out><![CDATA[
unique-id: [engine:junit-jupiter]
display-name: JUnit Jupiter
]]></system-out>
</testsuite>
